{"meta": {"format": 3, "version": "7.14.1", "timestamp": "2026-06-21T00:52:40.257727", "branch_coverage": false, "show_contexts": false}, "files": {"src/ingestion/__init__.py": {"executed_lines": [], "summary": {"covered_lines": 0, "num_statements": 0, "percent_covered": 100.0, "percent_covered_display": "100", "missing_lines": 0, "excluded_lines": 0, "percent_statements_covered": 100.0, "percent_statements_covered_display": "100"}, "missing_lines": [], "excluded_lines": [], "functions": {"": {"executed_lines": [], "summary": {"covered_lines": 0, "num_statements": 0, "percent_covered": 100.0, "percent_covered_display": "100", "missing_lines": 0, "excluded_lines": 0, "percent_statements_covered": 100.0, "percent_statements_covered_display": "100"}, "missing_lines": [], "excluded_lines": [], "start_line": 1}}, "classes": {"": {"executed_lines": [], "summary": {"covered_lines": 0, "num_statements": 0, "percent_covered": 100.0, "percent_covered_display": "100", "missing_lines": 0, "excluded_lines": 0, "percent_statements_covered": 100.0, "percent_statements_covered_display": "100"}, "missing_lines": [], "excluded_lines": [], "start_line": 1}}}, "src/ingestion/assets.py": {"executed_lines": [1, 2, 4, 5, 6, 7, 8, 9, 10, 12, 13, 14, 21, 24, 25, 30, 32, 34, 39, 46, 56, 58, 61, 62, 95, 96, 103, 105, 107, 108, 110, 112, 113, 115, 117, 118, 120, 122, 124, 127, 128, 135, 137, 138, 140, 142, 147, 157, 158, 247, 248, 361, 362, 397, 398, 433, 434, 435, 437, 438, 439, 440, 441, 442, 443, 444, 447, 461, 462, 463, 464, 465, 466, 467, 468, 469, 470, 471, 472, 473, 476, 477, 478, 479, 482, 483, 484, 485, 486, 487, 488, 489, 490, 491, 492, 493, 494, 495, 498, 500, 501, 502, 503, 504, 507, 508, 509, 510, 511, 512, 513, 514, 517, 518, 519, 520, 521, 523, 525, 526, 527, 528, 529, 530, 531, 534, 536, 537, 540, 541, 542, 543, 544, 545, 546, 547, 548, 549, 550, 551, 552, 555, 556, 557, 558, 561, 563, 564, 567, 568, 569, 570, 572, 573, 574, 575, 577, 578, 579, 580, 583, 584, 593, 597, 601, 603, 605, 607, 609, 611, 612, 614, 616, 617, 697, 701, 702, 704, 706, 708, 709, 711, 712, 714, 733, 735, 737, 747, 751, 903, 907, 914, 916, 918, 920, 922, 923, 925, 1087, 1088, 1095, 1097, 1099, 1100, 1187, 1191, 1198, 1200, 1201], "summary": {"covered_lines": 209, "num_statements": 458, "percent_covered": 45.633187772925766, "percent_covered_display": "46", "missing_lines": 249, "excluded_lines": 0, "percent_statements_covered": 45.633187772925766, "percent_statements_covered_display": "46"}, "missing_lines": [69, 71, 72, 74, 76, 78, 79, 80, 82, 84, 85, 143, 145, 148, 150, 152, 154, 165, 166, 168, 170, 174, 176, 177, 179, 186, 188, 189, 196, 198, 199, 206, 208, 209, 216, 218, 219, 223, 224, 225, 227, 234, 236, 237, 239, 244, 257, 259, 260, 262, 264, 266, 267, 269, 273, 279, 281, 285, 287, 288, 290, 294, 296, 297, 309, 311, 312, 316, 317, 318, 320, 332, 334, 335, 337, 338, 339, 341, 351, 369, 371, 372, 374, 376, 378, 379, 381, 382, 384, 386, 387, 389, 390, 392, 394, 405, 407, 408, 410, 412, 414, 415, 417, 418, 420, 422, 423, 425, 426, 428, 430, 436, 496, 497, 499, 515, 522, 524, 532, 533, 535, 553, 559, 560, 562, 619, 620, 622, 624, 625, 629, 631, 635, 637, 643, 687, 689, 693, 695, 760, 762, 764, 766, 894, 896, 898, 900, 927, 929, 933, 955, 959, 961, 965, 969, 971, 973, 974, 976, 980, 984, 985, 987, 991, 993, 997, 998, 1000, 1004, 1010, 1012, 1013, 1015, 1019, 1021, 1022, 1024, 1025, 1027, 1028, 1032, 1036, 1038, 1040, 1045, 1052, 1054, 1071, 1072, 1074, 1076, 1077, 1079, 1081, 1084, 1102, 1104, 1105, 1107, 1111, 1119, 1121, 1125, 1127, 1131, 1133, 1135, 1139, 1140, 1141, 1143, 1145, 1146, 1148, 1150, 1152, 1154, 1156, 1158, 1160, 1162, 1164, 1166, 1167, 1169, 1170, 1171, 1172, 1174, 1178, 1179, 1181, 1183, 1184, 1203, 1205, 1207, 1208, 1210, 1212, 1214, 1222, 1226, 1230, 1232, 1234, 1235, 1237, 1239], "excluded_lines": [], "functions": {"fetch_api": {"executed_lines": [], "summary": {"covered_lines": 0, "num_statements": 11, "percent_covered": 0.0, "percent_covered_display": "0", "missing_lines": 11, "excluded_lines": 0, "percent_statements_covered": 0.0, "percent_statements_covered_display": "0"}, "missing_lines": [69, 71, 72, 74, 76, 78, 79, 80, 82, 84, 85], "excluded_lines": [], "start_line": 62}, "bronze_sessions": {"executed_lines": [103, 105, 107, 108, 110, 112, 113, 115, 117, 118, 120, 122, 124], "summary": {"covered_lines": 13, "num_statements": 13, "percent_covered": 100.0, "percent_covered_display": "100", "missing_lines": 0, "excluded_lines": 0, "percent_statements_covered": 100.0, "percent_statements_covered_display": "100"}, "missing_lines": [], "excluded_lines": [], "start_line": 96}, "bronze_drivers": {"executed_lines": [135, 137, 138, 140, 142, 147], "summary": {"covered_lines": 6, "num_statements": 12, "percent_covered": 50.0, "percent_covered_display": "50", "missing_lines": 6, "excluded_lines": 0, "percent_statements_covered": 50.0, "percent_statements_covered_display": "50"}, "missing_lines": [143, 145, 148, 150, 152, 154], "excluded_lines": [], "start_line": 128}, "bronze_race_control_and_stints": {"executed_lines": [], "summary": {"covered_lines": 0, "num_statements": 29, "percent_covered": 0.0, "percent_covered_display": "0", "missing_lines": 29, "excluded_lines": 0, "percent_statements_covered": 0.0, "percent_statements_covered_display": "0"}, "missing_lines": [165, 166, 168, 170, 174, 176, 177, 179, 186, 188, 189, 196, 198, 199, 206, 208, 209, 216, 218, 219, 223, 224, 225, 227, 234, 236, 237, 239, 244], "excluded_lines": [], "start_line": 158}, "bronze_telemetry_spatial": {"executed_lines": [], "summary": {"covered_lines": 0, "num_statements": 33, "percent_covered": 0.0, "percent_covered_display": "0", "missing_lines": 33, "excluded_lines": 0, "percent_statements_covered": 0.0, "percent_statements_covered_display": "0"}, "missing_lines": [257, 259, 260, 262, 264, 266, 267, 269, 273, 279, 281, 285, 287, 288, 290, 294, 296, 297, 309, 311, 312, 316, 317, 318, 320, 332, 334, 335, 337, 338, 339, 341, 351], "excluded_lines": [], "start_line": 248}, "silver_sessions": {"executed_lines": [], "summary": {"covered_lines": 0, "num_statements": 16, "percent_covered": 0.0, "percent_covered_display": "0", "missing_lines": 16, "excluded_lines": 0, "percent_statements_covered": 0.0, "percent_statements_covered_display": "0"}, "missing_lines": [369, 371, 372, 374, 376, 378, 379, 381, 382, 384, 386, 387, 389, 390, 392, 394], "excluded_lines": [], "start_line": 362}, "silver_drivers": {"executed_lines": [], "summary": {"covered_lines": 0, "num_statements": 16, "percent_covered": 0.0, "percent_covered_display": "0", "missing_lines": 16, "excluded_lines": 0, "percent_statements_covered": 0.0, "percent_statements_covered_display": "0"}, "missing_lines": [405, 407, 408, 410, 412, 414, 415, 417, 418, 420, 422, 423, 425, 426, 428, 430], "excluded_lines": [], "start_line": 398}, "_read_bronze_table": {"executed_lines": [434, 435, 437, 438, 439, 440, 441, 442, 443, 444], "summary": {"covered_lines": 10, "num_statements": 11, "percent_covered": 90.9090909090909, "percent_covered_display": "91", "missing_lines": 1, "excluded_lines": 0, "percent_statements_covered": 90.9090909090909, "percent_statements_covered_display": "91"}, "missing_lines": [436], "excluded_lines": [], "start_line": 433}, "_collect_bronze_metadata": {"executed_lines": [462, 463, 464, 465, 466, 467, 468, 469, 470, 471, 472, 473], "summary": {"covered_lines": 12, "num_statements": 12, "percent_covered": 100.0, "percent_covered_display": "100", "missing_lines": 0, "excluded_lines": 0, "percent_statements_covered": 100.0, "percent_statements_covered_display": "100"}, "missing_lines": [], "excluded_lines": [], "start_line": 461}, "_write_simple_fact": {"executed_lines": [477, 478, 479], "summary": {"covered_lines": 3, "num_statements": 3, "percent_covered": 100.0, "percent_covered_display": "100", "missing_lines": 0, "excluded_lines": 0, "percent_statements_covered": 100.0, "percent_statements_covered_display": "100"}, "missing_lines": [], "excluded_lines": [], "start_line": 476}, "_write_validated_race_control": {"executed_lines": [483, 484, 485, 486, 487, 488, 489, 490, 491, 492, 493, 494, 495, 498, 500, 501, 502, 503, 504], "summary": {"covered_lines": 19, "num_statements": 22, "percent_covered": 86.36363636363636, "percent_covered_display": "86", "missing_lines": 3, "excluded_lines": 0, "percent_statements_covered": 86.36363636363636, "percent_statements_covered_display": "86"}, "missing_lines": [496, 497, 499], "excluded_lines": [], "start_line": 482}, "_write_validated_session_results": {"executed_lines": [508, 509, 510, 511, 512, 513, 514, 517, 518, 519, 520, 521, 523, 525, 526, 527, 528, 529, 530, 531, 534, 536, 537], "summary": {"covered_lines": 23, "num_statements": 29, "percent_covered": 79.3103448275862, "percent_covered_display": "79", "missing_lines": 6, "excluded_lines": 0, "percent_statements_covered": 79.3103448275862, "percent_statements_covered_display": "79"}, "missing_lines": [515, 522, 524, 532, 533, 535], "excluded_lines": [], "start_line": 507}, "_write_validated_overtakes": {"executed_lines": [541, 542, 543, 544, 545, 546, 547, 548, 549, 550, 551, 552, 555, 556, 557, 558, 561, 563, 564], "summary": {"covered_lines": 19, "num_statements": 23, "percent_covered": 82.6086956521739, "percent_covered_display": "83", "missing_lines": 4, "excluded_lines": 0, "percent_statements_covered": 82.6086956521739, "percent_statements_covered_display": "83"}, "missing_lines": [553, 559, 560, 562], "excluded_lines": [], "start_line": 540}, "silver_metadata_tables": {"executed_lines": [569, 570, 572, 573, 574, 575, 577, 578, 579, 580], "summary": {"covered_lines": 10, "num_statements": 10, "percent_covered": 100.0, "percent_covered_display": "100", "missing_lines": 0, "excluded_lines": 0, "percent_statements_covered": 100.0, "percent_statements_covered_display": "100"}, "missing_lines": [], "excluded_lines": [], "start_line": 568}, "silver_telemetry_location_aligned": {"executed_lines": [593, 597, 601, 603, 605, 607, 609, 611, 612, 614, 616, 617, 697, 701, 702, 704, 706, 708, 709, 711, 712, 714, 733, 735, 737], "summary": {"covered_lines": 25, "num_statements": 39, "percent_covered": 64.1025641025641, "percent_covered_display": "64", "missing_lines": 14, "excluded_lines": 0, "percent_statements_covered": 64.1025641025641, "percent_statements_covered_display": "64"}, "missing_lines": [619, 620, 622, 624, 625, 629, 631, 635, 637, 643, 687, 689, 693, 695], "excluded_lines": [], "start_line": 584}, "gold_f1_telemetry_analysis": {"executed_lines": [], "summary": {"covered_lines": 0, "num_statements": 8, "percent_covered": 0.0, "percent_covered_display": "0", "missing_lines": 8, "excluded_lines": 0, "percent_statements_covered": 0.0, "percent_statements_covered_display": "0"}, "missing_lines": [760, 762, 764, 766, 894, 896, 898, 900], "excluded_lines": [], "start_line": 751}, "gold_feature_engineering_lap_data": {"executed_lines": [914, 916, 918, 920, 922, 923, 925], "summary": {"covered_lines": 7, "num_statements": 55, "percent_covered": 12.727272727272727, "percent_covered_display": "13", "missing_lines": 48, "excluded_lines": 0, "percent_statements_covered": 12.727272727272727, "percent_statements_covered_display": "13"}, "missing_lines": [927, 929, 933, 955, 959, 961, 965, 969, 971, 973, 974, 976, 980, 984, 985, 987, 991, 993, 997, 998, 1000, 1004, 1010, 1012, 1013, 1015, 1019, 1021, 1022, 1024, 1025, 1027, 1028, 1032, 1036, 1038, 1040, 1045, 1052, 1054, 1071, 1072, 1074, 1076, 1077, 1079, 1081, 1084], "excluded_lines": [], "start_line": 907}, "gold_lap_time_prediction_model": {"executed_lines": [1095, 1097, 1099, 1100], "summary": {"covered_lines": 4, "num_statements": 43, "percent_covered": 9.30232558139535, "percent_covered_display": "9", "missing_lines": 39, "excluded_lines": 0, "percent_statements_covered": 9.30232558139535, "percent_statements_covered_display": "9"}, "missing_lines": [1102, 1104, 1105, 1107, 1111, 1119, 1121, 1125, 1127, 1131, 1133, 1135, 1139, 1140, 1141, 1143, 1145, 1146, 1148, 1150, 1152, 1154, 1156, 1158, 1160, 1162, 1164, 1166, 1167, 1169, 1170, 1171, 1172, 1174, 1178, 1179, 1181, 1183, 1184], "excluded_lines": [], "start_line": 1088}, "gold_lap_predictions": {"executed_lines": [1198, 1200, 1201], "summary": {"covered_lines": 3, "num_statements": 18, "percent_covered": 16.666666666666668, "percent_covered_display": "17", "missing_lines": 15, "excluded_lines": 0, "percent_statements_covered": 16.666666666666668, "percent_statements_covered_display": "17"}, "missing_lines": [1203, 1205, 1207, 1208, 1210, 1212, 1214, 1222, 1226, 1230, 1232, 1234, 1235, 1237, 1239], "excluded_lines": [], "start_line": 1191}, "": {"executed_lines": [1, 2, 4, 5, 6, 7, 8, 9, 10, 12, 13, 14, 21, 24, 25, 30, 32, 34, 39, 46, 56, 58, 61, 62, 95, 96, 127, 128, 157, 158, 247, 248, 361, 362, 397, 398, 433, 447, 461, 476, 482, 507, 540, 567, 568, 583, 584, 747, 751, 903, 907, 1087, 1088, 1187, 1191], "summary": {"covered_lines": 55, "num_statements": 55, "percent_covered": 100.0, "percent_covered_display": "100", "missing_lines": 0, "excluded_lines": 0, "percent_statements_covered": 100.0, "percent_statements_covered_display": "100"}, "missing_lines": [], "excluded_lines": [], "start_line": 1}}, "classes": {"IngestionConfig": {"executed_lines": [], "summary": {"covered_lines": 0, "num_statements": 0, "percent_covered": 100.0, "percent_covered_display": "100", "missing_lines": 0, "excluded_lines": 0, "percent_statements_covered": 100.0, "percent_statements_covered_display": "100"}, "missing_lines": [], "excluded_lines": [], "start_line": 46}, "": {"executed_lines": [1, 2, 4, 5, 6, 7, 8, 9, 10, 12, 13, 14, 21, 24, 25, 30, 32, 34, 39, 46, 56, 58, 61, 62, 95, 96, 103, 105, 107, 108, 110, 112, 113, 115, 117, 118, 120, 122, 124, 127, 128, 135, 137, 138, 140, 142, 147, 157, 158, 247, 248, 361, 362, 397, 398, 433, 434, 435, 437, 438, 439, 440, 441, 442, 443, 444, 447, 461, 462, 463, 464, 465, 466, 467, 468, 469, 470, 471, 472, 473, 476, 477, 478, 479, 482, 483, 484, 485, 486, 487, 488, 489, 490, 491, 492, 493, 494, 495, 498, 500, 501, 502, 503, 504, 507, 508, 509, 510, 511, 512, 513, 514, 517, 518, 519, 520, 521, 523, 525, 526, 527, 528, 529, 530, 531, 534, 536, 537, 540, 541, 542, 543, 544, 545, 546, 547, 548, 549, 550, 551, 552, 555, 556, 557, 558, 561, 563, 564, 567, 568, 569, 570, 572, 573, 574, 575, 577, 578, 579, 580, 583, 584, 593, 597, 601, 603, 605, 607, 609, 611, 612, 614, 616, 617, 697, 701, 702, 704, 706, 708, 709, 711, 712, 714, 733, 735, 737, 747, 751, 903, 907, 914, 916, 918, 920, 922, 923, 925, 1087, 1088, 1095, 1097, 1099, 1100, 1187, 1191, 1198, 1200, 1201], "summary": {"covered_lines": 209, "num_statements": 458, "percent_covered": 45.633187772925766, "percent_covered_display": "46", "missing_lines": 249, "excluded_lines": 0, "percent_statements_covered": 45.633187772925766, "percent_statements_covered_display": "46"}, "missing_lines": [69, 71, 72, 74, 76, 78, 79, 80, 82, 84, 85, 143, 145, 148, 150, 152, 154, 165, 166, 168, 170, 174, 176, 177, 179, 186, 188, 189, 196, 198, 199, 206, 208, 209, 216, 218, 219, 223, 224, 225, 227, 234, 236, 237, 239, 244, 257, 259, 260, 262, 264, 266, 267, 269, 273, 279, 281, 285, 287, 288, 290, 294, 296, 297, 309, 311, 312, 316, 317, 318, 320, 332, 334, 335, 337, 338, 339, 341, 351, 369, 371, 372, 374, 376, 378, 379, 381, 382, 384, 386, 387, 389, 390, 392, 394, 405, 407, 408, 410, 412, 414, 415, 417, 418, 420, 422, 423, 425, 426, 428, 430, 436, 496, 497, 499, 515, 522, 524, 532, 533, 535, 553, 559, 560, 562, 619, 620, 622, 624, 625, 629, 631, 635, 637, 643, 687, 689, 693, 695, 760, 762, 764, 766, 894, 896, 898, 900, 927, 929, 933, 955, 959, 961, 965, 969, 971, 973, 974, 976, 980, 984, 985, 987, 991, 993, 997, 998, 1000, 1004, 1010, 1012, 1013, 1015, 1019, 1021, 1022, 1024, 1025, 1027, 1028, 1032, 1036, 1038, 1040, 1045, 1052, 1054, 1071, 1072, 1074, 1076, 1077, 1079, 1081, 1084, 1102, 1104, 1105, 1107, 1111, 1119, 1121, 1125, 1127, 1131, 1133, 1135, 1139, 1140, 1141, 1143, 1145, 1146, 1148, 1150, 1152, 1154, 1156, 1158, 1160, 1162, 1164, 1166, 1167, 1169, 1170, 1171, 1172, 1174, 1178, 1179, 1181, 1183, 1184, 1203, 1205, 1207, 1208, 1210, 1212, 1214, 1222, 1226, 1230, 1232, 1234, 1235, 1237, 1239], "excluded_lines": [], "start_line": 1}}}, "src/ingestion/compress_bronze.py": {"executed_lines": [], "summary": {"covered_lines": 0, "num_statements": 33, "percent_covered": 0.0, "percent_covered_display": "0", "missing_lines": 33, "excluded_lines": 0, "percent_statements_covered": 0.0, "percent_statements_covered_display": "0"}, "missing_lines": [2, 3, 6, 7, 8, 9, 11, 12, 13, 15, 19, 20, 21, 23, 24, 25, 28, 29, 32, 33, 35, 38, 39, 40, 41, 42, 45, 46, 48, 49, 50, 53, 54], "excluded_lines": [], "functions": {"compress_bronze_layer": {"executed_lines": [], "summary": {"covered_lines": 0, "num_statements": 28, "percent_covered": 0.0, "percent_covered_display": "0", "missing_lines": 28, "excluded_lines": 0, "percent_statements_covered": 0.0, "percent_statements_covered_display": "0"}, "missing_lines": [7, 8, 9, 11, 12, 13, 15, 19, 20, 21, 23, 24, 25, 28, 29, 32, 33, 35, 38, 39, 40, 41, 42, 45, 46, 48, 49, 50], "excluded_lines": [], "start_line": 6}, "": {"executed_lines": [], "summary": {"covered_lines": 0, "num_statements": 5, "percent_covered": 0.0, "percent_covered_display": "0", "missing_lines": 5, "excluded_lines": 0, "percent_statements_covered": 0.0, "percent_statements_covered_display": "0"}, "missing_lines": [2, 3, 6, 53, 54], "excluded_lines": [], "start_line": 1}}, "classes": {"": {"executed_lines": [], "summary": {"covered_lines": 0, "num_statements": 33, "percent_covered": 0.0, "percent_covered_display": "0", "missing_lines": 33, "excluded_lines": 0, "percent_statements_covered": 0.0, "percent_statements_covered_display": "0"}, "missing_lines": [2, 3, 6, 7, 8, 9, 11, 12, 13, 15, 19, 20, 21, 23, 24, 25, 28, 29, 32, 33, 35, 38, 39, 40, 41, 42, 45, 46, 48, 49, 50, 53, 54], "excluded_lines": [], "start_line": 1}}}, "src/ingestion/config.py": {"executed_lines": [2, 4, 8, 9, 10, 11, 12, 13, 14, 15, 16, 17, 18, 19, 22, 28, 38, 40, 41, 42, 44, 45, 46, 47, 48, 49, 50, 51, 52, 54, 55, 56, 57, 59, 62, 63, 66], "summary": {"covered_lines": 37, "num_statements": 37, "percent_covered": 100.0, "percent_covered_display": "100", "missing_lines": 0, "excluded_lines": 0, "percent_statements_covered": 100.0, "percent_statements_covered_display": "100"}, "missing_lines": [], "excluded_lines": [], "functions": {"_load_dotenv_local": {"executed_lines": [9, 10, 11, 12, 13, 14, 15, 16, 17, 18, 19], "summary": {"covered_lines": 11, "num_statements": 11, "percent_covered": 100.0, "percent_covered_display": "100", "missing_lines": 0, "excluded_lines": 0, "percent_statements_covered": 100.0, "percent_statements_covered_display": "100"}, "missing_lines": [], "excluded_lines": [], "start_line": 8}, "parse_focus_drivers": {"executed_lines": [40, 41, 42, 44, 45, 46, 47, 48, 49, 50, 51, 52, 54, 55, 56, 57, 59], "summary": {"covered_lines": 17, "num_statements": 17, "percent_covered": 100.0, "percent_covered_display": "100", "missing_lines": 0, "excluded_lines": 0, "percent_statements_covered": 100.0, "percent_statements_covered_display": "100"}, "missing_lines": [], "excluded_lines": [], "start_line": 38}, "get_focus_drivers": {"executed_lines": [63], "summary": {"covered_lines": 1, "num_statements": 1, "percent_covered": 100.0, "percent_covered_display": "100", "missing_lines": 0, "excluded_lines": 0, "percent_statements_covered": 100.0, "percent_statements_covered_display": "100"}, "missing_lines": [], "excluded_lines": [], "start_line": 62}, "": {"executed_lines": [2, 4, 8, 22, 28, 38, 62, 66], "summary": {"covered_lines": 8, "num_statements": 8, "percent_covered": 100.0, "percent_covered_display": "100", "missing_lines": 0, "excluded_lines": 0, "percent_statements_covered": 100.0, "percent_statements_covered_display": "100"}, "missing_lines": [], "excluded_lines": [], "start_line": 1}}, "classes": {"": {"executed_lines": [2, 4, 8, 9, 10, 11, 12, 13, 14, 15, 16, 17, 18, 19, 22, 28, 38, 40, 41, 42, 44, 45, 46, 47, 48, 49, 50, 51, 52, 54, 55, 56, 57, 59, 62, 63, 66], "summary": {"covered_lines": 37, "num_statements": 37, "percent_covered": 100.0, "percent_covered_display": "100", "missing_lines": 0, "excluded_lines": 0, "percent_statements_covered": 100.0, "percent_statements_covered_display": "100"}, "missing_lines": [], "excluded_lines": [], "start_line": 1}}}, "src/ingestion/extract.py": {"executed_lines": [1, 2, 3, 4, 5, 7, 8, 9, 11, 13, 14, 18, 21, 22, 26, 27, 28, 29, 30, 31, 32, 34, 35, 42, 47, 49, 50, 51, 52, 54, 55, 57, 60, 61, 64, 65, 66, 68, 71, 72, 74, 76, 77, 78, 80, 82, 83, 86, 91, 93, 98, 99, 101, 104, 105, 107, 109, 110, 112, 115, 116, 117, 119, 122, 148, 152, 153, 154, 155, 157, 162, 169, 172, 182, 183, 184, 185, 186, 188, 189, 191, 192, 193, 195, 198, 201, 202, 205, 206, 207, 209, 210, 211, 212, 221, 222, 223, 224, 225, 226, 227, 228, 229, 234, 235, 237, 238, 240, 241, 242, 244, 247, 248, 249, 250, 253, 254, 255, 257, 258, 259, 261, 264, 265, 266, 267, 270, 271, 272, 274, 275, 276, 278, 280, 281, 284, 305], "summary": {"covered_lines": 137, "num_statements": 172, "percent_covered": 79.65116279069767, "percent_covered_display": "80", "missing_lines": 35, "excluded_lines": 0, "percent_statements_covered": 79.65116279069767, "percent_statements_covered_display": "80"}, "missing_lines": [36, 37, 39, 94, 95, 96, 126, 128, 134, 137, 140, 142, 145, 190, 230, 231, 288, 289, 291, 292, 293, 294, 295, 297, 298, 301, 302, 306, 307, 308, 309, 310, 317, 319, 320], "excluded_lines": [], "functions": {"fetch_endpoint": {"executed_lines": [26, 27, 28, 29, 30, 31, 32, 34, 35], "summary": {"covered_lines": 9, "num_statements": 12, "percent_covered": 75.0, "percent_covered_display": "75", "missing_lines": 3, "excluded_lines": 0, "percent_statements_covered": 75.0, "percent_statements_covered_display": "75"}, "missing_lines": [36, 37, 39], "excluded_lines": [], "start_line": 22}, "get_session_info": {"executed_lines": [47, 49, 50, 51, 52, 54, 55, 57, 60, 61, 64, 65, 66, 68, 71, 72, 74, 76, 77, 78, 80, 82, 83], "summary": {"covered_lines": 23, "num_statements": 23, "percent_covered": 100.0, "percent_covered_display": "100", "missing_lines": 0, "excluded_lines": 0, "percent_statements_covered": 100.0, "percent_statements_covered_display": "100"}, "missing_lines": [], "excluded_lines": [], "start_line": 42}, "get_all_sessions": {"executed_lines": [91, 93, 98, 99, 101, 104, 105, 107, 109, 110, 112, 115, 116, 117, 119], "summary": {"covered_lines": 15, "num_statements": 18, "percent_covered": 83.33333333333333, "percent_covered_display": "83", "missing_lines": 3, "excluded_lines": 0, "percent_statements_covered": 83.33333333333333, "percent_statements_covered_display": "83"}, "missing_lines": [94, 95, 96], "excluded_lines": [], "start_line": 86}, "extract_driver_telemetry": {"executed_lines": [], "summary": {"covered_lines": 0, "num_statements": 7, "percent_covered": 0.0, "percent_covered_display": "0", "missing_lines": 7, "excluded_lines": 0, "percent_statements_covered": 0.0, "percent_statements_covered_display": "0"}, "missing_lines": [126, 128, 134, 137, 140, 142, 145], "excluded_lines": [], "start_line": 122}, "run_extraction_for_session": {"executed_lines": [152, 153, 154, 155, 157, 162, 169, 172, 182, 183, 184, 185, 186, 188, 189, 191, 192, 193, 195, 198, 201, 202, 205, 206, 207, 209, 210, 211, 212, 221, 222, 223, 224, 225, 226, 227, 228, 229, 234, 235, 237, 238, 240, 241, 242, 244, 247, 248, 249, 250, 253, 254, 255, 257, 258, 259, 261, 264, 265, 266, 267, 270, 271, 272, 274, 275, 276, 278, 280, 281], "summary": {"covered_lines": 70, "num_statements": 73, "percent_covered": 95.89041095890411, "percent_covered_display": "96", "missing_lines": 3, "excluded_lines": 0, "percent_statements_covered": 95.89041095890411, "percent_statements_covered_display": "96"}, "missing_lines": [190, 230, 231], "excluded_lines": [], "start_line": 148}, "run_extraction": {"executed_lines": [], "summary": {"covered_lines": 0, "num_statements": 11, "percent_covered": 0.0, "percent_covered_display": "0", "missing_lines": 11, "excluded_lines": 0, "percent_statements_covered": 0.0, "percent_statements_covered_display": "0"}, "missing_lines": [288, 289, 291, 292, 293, 294, 295, 297, 298, 301, 302], "excluded_lines": [], "start_line": 284}, "": {"executed_lines": [1, 2, 3, 4, 5, 7, 8, 9, 11, 13, 14, 18, 21, 22, 42, 86, 122, 148, 284, 305], "summary": {"covered_lines": 20, "num_statements": 28, "percent_covered": 71.42857142857143, "percent_covered_display": "71", "missing_lines": 8, "excluded_lines": 0, "percent_statements_covered": 71.42857142857143, "percent_statements_covered_display": "71"}, "missing_lines": [306, 307, 308, 309, 310, 317, 319, 320], "excluded_lines": [], "start_line": 1}}, "classes": {"": {"executed_lines": [1, 2, 3, 4, 5, 7, 8, 9, 11, 13, 14, 18, 21, 22, 26, 27, 28, 29, 30, 31, 32, 34, 35, 42, 47, 49, 50, 51, 52, 54, 55, 57, 60, 61, 64, 65, 66, 68, 71, 72, 74, 76, 77, 78, 80, 82, 83, 86, 91, 93, 98, 99, 101, 104, 105, 107, 109, 110, 112, 115, 116, 117, 119, 122, 148, 152, 153, 154, 155, 157, 162, 169, 172, 182, 183, 184, 185, 186, 188, 189, 191, 192, 193, 195, 198, 201, 202, 205, 206, 207, 209, 210, 211, 212, 221, 222, 223, 224, 225, 226, 227, 228, 229, 234, 235, 237, 238, 240, 241, 242, 244, 247, 248, 249, 250, 253, 254, 255, 257, 258, 259, 261, 264, 265, 266, 267, 270, 271, 272, 274, 275, 276, 278, 280, 281, 284, 305], "summary": {"covered_lines": 137, "num_statements": 172, "percent_covered": 79.65116279069767, "percent_covered_display": "80", "missing_lines": 35, "excluded_lines": 0, "percent_statements_covered": 79.65116279069767, "percent_statements_covered_display": "80"}, "missing_lines": [36, 37, 39, 94, 95, 96, 126, 128, 134, 137, 140, 142, 145, 190, 230, 231, 288, 289, 291, 292, 293, 294, 295, 297, 298, 301, 302, 306, 307, 308, 309, 310, 317, 319, 320], "excluded_lines": [], "start_line": 1}}}, "src/ingestion/pipeline_common.py": {"executed_lines": [1, 2, 3, 4, 6, 7, 9, 11, 14, 15, 16, 17, 18, 19, 20, 21, 22, 23, 26, 27, 28, 31, 32, 35, 36, 39, 40, 41, 42, 43, 44, 45, 46, 47, 48, 51, 52, 53, 54, 55, 56, 57, 58, 59, 60, 61, 62, 63, 64, 65, 66, 67, 68, 69, 70, 71, 74, 75, 76, 77, 78, 79, 80, 81, 82, 83, 84, 85, 86, 87, 88, 89, 92, 93, 94, 95, 96, 97, 99, 100, 101, 102, 106, 107, 112], "summary": {"covered_lines": 85, "num_statements": 89, "percent_covered": 95.50561797752809, "percent_covered_display": "96", "missing_lines": 4, "excluded_lines": 0, "percent_statements_covered": 95.50561797752809, "percent_statements_covered_display": "96"}, "missing_lines": [24, 25, 90, 98], "excluded_lines": [], "functions": {"calc_freshness_minutes": {"executed_lines": [15, 16, 17, 18, 19, 20, 21, 22, 23, 26, 27, 28], "summary": {"covered_lines": 12, "num_statements": 14, "percent_covered": 85.71428571428571, "percent_covered_display": "86", "missing_lines": 2, "excluded_lines": 0, "percent_statements_covered": 85.71428571428571, "percent_statements_covered_display": "86"}, "missing_lines": [24, 25], "excluded_lines": [], "start_line": 14}, "write_session_partition": {"executed_lines": [32], "summary": {"covered_lines": 1, "num_statements": 1, "percent_covered": 100.0, "percent_covered_display": "100", "missing_lines": 0, "excluded_lines": 0, "percent_statements_covered": 100.0, "percent_statements_covered_display": "100"}, "missing_lines": [], "excluded_lines": [], "start_line": 31}, "append_execution_record": {"executed_lines": [36], "summary": {"covered_lines": 1, "num_statements": 1, "percent_covered": 100.0, "percent_covered_display": "100", "missing_lines": 0, "excluded_lines": 0, "percent_statements_covered": 100.0, "percent_statements_covered_display": "100"}, "missing_lines": [], "excluded_lines": [], "start_line": 35}, "quarantine_invalid_rows": {"executed_lines": [40, 41, 42, 43, 44, 45, 46, 47, 48], "summary": {"covered_lines": 9, "num_statements": 9, "percent_covered": 100.0, "percent_covered_display": "100", "missing_lines": 0, "excluded_lines": 0, "percent_statements_covered": 100.0, "percent_statements_covered_display": "100"}, "missing_lines": [], "excluded_lines": [], "start_line": 39}, "validate_pydantic_batch": {"executed_lines": [52, 53, 54, 55, 56, 57, 58, 59, 60, 61, 62, 63, 64, 65, 66, 67, 68, 69, 70, 71], "summary": {"covered_lines": 20, "num_statements": 20, "percent_covered": 100.0, "percent_covered_display": "100", "missing_lines": 0, "excluded_lines": 0, "percent_statements_covered": 100.0, "percent_statements_covered_display": "100"}, "missing_lines": [], "excluded_lines": [], "start_line": 51}, "validate_vectorized_batch": {"executed_lines": [75, 76, 77, 78, 79, 80, 81, 82, 83, 84, 85, 86, 87, 88, 89, 92, 93, 94, 95, 96, 97, 99, 100, 101, 102, 106, 107, 112], "summary": {"covered_lines": 28, "num_statements": 30, "percent_covered": 93.33333333333333, "percent_covered_display": "93", "missing_lines": 2, "excluded_lines": 0, "percent_statements_covered": 93.33333333333333, "percent_statements_covered_display": "93"}, "missing_lines": [90, 98], "excluded_lines": [], "start_line": 74}, "": {"executed_lines": [1, 2, 3, 4, 6, 7, 9, 11, 14, 31, 35, 39, 51, 74], "summary": {"covered_lines": 14, "num_statements": 14, "percent_covered": 100.0, "percent_covered_display": "100", "missing_lines": 0, "excluded_lines": 0, "percent_statements_covered": 100.0, "percent_statements_covered_display": "100"}, "missing_lines": [], "excluded_lines": [], "start_line": 1}}, "classes": {"": {"executed_lines": [1, 2, 3, 4, 6, 7, 9, 11, 14, 15, 16, 17, 18, 19, 20, 21, 22, 23, 26, 27, 28, 31, 32, 35, 36, 39, 40, 41, 42, 43, 44, 45, 46, 47, 48, 51, 52, 53, 54, 55, 56, 57, 58, 59, 60, 61, 62, 63, 64, 65, 66, 67, 68, 69, 70, 71, 74, 75, 76, 77, 78, 79, 80, 81, 82, 83, 84, 85, 86, 87, 88, 89, 92, 93, 94, 95, 96, 97, 99, 100, 101, 102, 106, 107, 112], "summary": {"covered_lines": 85, "num_statements": 89, "percent_covered": 95.50561797752809, "percent_covered_display": "96", "missing_lines": 4, "excluded_lines": 0, "percent_statements_covered": 95.50561797752809, "percent_statements_covered_display": "96"}, "missing_lines": [24, 25, 90, 98], "excluded_lines": [], "start_line": 1}}}, "src/ingestion/process.py": {"executed_lines": [1, 2, 3, 4, 5, 6, 8, 9, 11, 12, 20, 33, 35, 37, 40, 54, 108, 183, 301, 309, 553, 621], "summary": {"covered_lines": 22, "num_statements": 259, "percent_covered": 8.494208494208495, "percent_covered_display": "8", "missing_lines": 237, "excluded_lines": 0, "percent_statements_covered": 8.494208494208495, "percent_statements_covered_display": "8"}, "missing_lines": [41, 42, 43, 44, 45, 46, 47, 50, 51, 69, 70, 71, 73, 74, 76, 77, 79, 81, 82, 83, 85, 86, 87, 89, 90, 91, 92, 93, 94, 95, 96, 97, 98, 100, 101, 103, 105, 115, 116, 117, 118, 120, 121, 122, 124, 127, 131, 132, 133, 134, 135, 136, 138, 139, 141, 142, 143, 144, 145, 147, 148, 149, 150, 151, 152, 154, 155, 156, 157, 158, 159, 161, 162, 164, 176, 177, 178, 180, 184, 185, 186, 187, 189, 190, 191, 193, 195, 198, 208, 209, 211, 212, 213, 214, 215, 217, 218, 219, 220, 223, 224, 225, 226, 227, 228, 229, 230, 231, 232, 234, 235, 236, 237, 238, 243, 244, 246, 267, 268, 270, 271, 272, 273, 274, 276, 279, 280, 281, 283, 284, 285, 286, 288, 289, 293, 294, 295, 296, 298, 302, 303, 304, 305, 306, 317, 318, 319, 320, 321, 323, 324, 325, 326, 328, 329, 330, 331, 332, 334, 335, 336, 337, 338, 339, 340, 341, 342, 343, 344, 345, 346, 347, 348, 349, 350, 351, 352, 354, 453, 465, 480, 481, 482, 484, 485, 486, 487, 489, 490, 491, 493, 494, 512, 513, 515, 516, 517, 518, 519, 539, 540, 541, 542, 543, 545, 546, 555, 556, 558, 560, 567, 569, 576, 578, 580, 581, 583, 585, 587, 588, 590, 592, 594, 596, 597, 600, 602, 603, 605, 607, 609, 611, 612, 614, 615, 618, 622], "excluded_lines": [], "functions": {"_find_partition": {"executed_lines": [], "summary": {"covered_lines": 0, "num_statements": 9, "percent_covered": 0.0, "percent_covered_display": "0", "missing_lines": 9, "excluded_lines": 0, "percent_statements_covered": 0.0, "percent_statements_covered_display": "0"}, "missing_lines": [41, 42, 43, 44, 45, 46, 47, 50, 51], "excluded_lines": [], "start_line": 40}, "_process_silver_table": {"executed_lines": [], "summary": {"covered_lines": 0, "num_statements": 28, "percent_covered": 0.0, "percent_covered_display": "0", "missing_lines": 28, "excluded_lines": 0, "percent_statements_covered": 0.0, "percent_statements_covered_display": "0"}, "missing_lines": [69, 70, 71, 73, 74, 76, 77, 79, 81, 82, 83, 85, 86, 87, 89, 90, 91, 92, 93, 94, 95, 96, 97, 98, 100, 101, 103, 105], "excluded_lines": [], "start_line": 54}, "_process_asof_join_telemetry": {"executed_lines": [], "summary": {"covered_lines": 0, "num_statements": 41, "percent_covered": 0.0, "percent_covered_display": "0", "missing_lines": 41, "excluded_lines": 0, "percent_statements_covered": 0.0, "percent_statements_covered_display": "0"}, "missing_lines": [115, 116, 117, 118, 120, 121, 122, 124, 127, 131, 132, 133, 134, 135, 136, 138, 139, 141, 142, 143, 144, 145, 147, 148, 149, 150, 151, 152, 154, 155, 156, 157, 158, 159, 161, 162, 164, 176, 177, 178, 180], "excluded_lines": [], "start_line": 108}, "_process_gold_layer": {"executed_lines": [], "summary": {"covered_lines": 0, "num_statements": 61, "percent_covered": 0.0, "percent_covered_display": "0", "missing_lines": 61, "excluded_lines": 0, "percent_statements_covered": 0.0, "percent_statements_covered_display": "0"}, "missing_lines": [184, 185, 186, 187, 189, 190, 191, 193, 195, 198, 208, 209, 211, 212, 213, 214, 215, 217, 218, 219, 220, 223, 224, 225, 226, 227, 228, 229, 230, 231, 232, 234, 235, 236, 237, 238, 243, 244, 246, 267, 268, 270, 271, 272, 273, 274, 276, 279, 280, 281, 283, 284, 285, 286, 288, 289, 293, 294, 295, 296, 298], "excluded_lines": [], "start_line": 183}, "_write_lineage": {"executed_lines": [], "summary": {"covered_lines": 0, "num_statements": 5, "percent_covered": 0.0, "percent_covered_display": "0", "missing_lines": 5, "excluded_lines": 0, "percent_statements_covered": 0.0, "percent_statements_covered_display": "0"}, "missing_lines": [302, 303, 304, 305, 306], "excluded_lines": [], "start_line": 301}, "process_medallion_pipeline": {"executed_lines": [], "summary": {"covered_lines": 0, "num_statements": 62, "percent_covered": 0.0, "percent_covered_display": "0", "missing_lines": 62, "excluded_lines": 0, "percent_statements_covered": 0.0, "percent_statements_covered_display": "0"}, "missing_lines": [317, 318, 319, 320, 321, 323, 324, 325, 326, 328, 329, 330, 331, 332, 334, 335, 336, 337, 338, 339, 340, 341, 342, 343, 344, 345, 346, 347, 348, 349, 350, 351, 352, 354, 453, 465, 480, 481, 482, 484, 485, 486, 487, 489, 490, 491, 493, 494, 512, 513, 515, 516, 517, 518, 519, 539, 540, 541, 542, 543, 545, 546], "excluded_lines": [], "start_line": 309}, "run_cli": {"executed_lines": [], "summary": {"covered_lines": 0, "num_statements": 30, "percent_covered": 0.0, "percent_covered_display": "0", "missing_lines": 30, "excluded_lines": 0, "percent_statements_covered": 0.0, "percent_statements_covered_display": "0"}, "missing_lines": [555, 556, 558, 560, 567, 569, 576, 578, 580, 581, 583, 585, 587, 588, 590, 592, 594, 596, 597, 600, 602, 603, 605, 607, 609, 611, 612, 614, 615, 618], "excluded_lines": [], "start_line": 553}, "": {"executed_lines": [1, 2, 3, 4, 5, 6, 8, 9, 11, 12, 20, 33, 35, 37, 40, 54, 108, 183, 301, 309, 553, 621], "summary": {"covered_lines": 22, "num_statements": 23, "percent_covered": 95.65217391304348, "percent_covered_display": "96", "missing_lines": 1, "excluded_lines": 0, "percent_statements_covered": 95.65217391304348, "percent_statements_covered_display": "96"}, "missing_lines": [622], "excluded_lines": [], "start_line": 1}}, "classes": {"": {"executed_lines": [1, 2, 3, 4, 5, 6, 8, 9, 11, 12, 20, 33, 35, 37, 40, 54, 108, 183, 301, 309, 553, 621], "summary": {"covered_lines": 22, "num_statements": 259, "percent_covered": 8.494208494208495, "percent_covered_display": "8", "missing_lines": 237, "excluded_lines": 0, "percent_statements_covered": 8.494208494208495, "percent_statements_covered_display": "8"}, "missing_lines": [41, 42, 43, 44, 45, 46, 47, 50, 51, 69, 70, 71, 73, 74, 76, 77, 79, 81, 82, 83, 85, 86, 87, 89, 90, 91, 92, 93, 94, 95, 96, 97, 98, 100, 101, 103, 105, 115, 116, 117, 118, 120, 121, 122, 124, 127, 131, 132, 133, 134, 135, 136, 138, 139, 141, 142, 143, 144, 145, 147, 148, 149, 150, 151, 152, 154, 155, 156, 157, 158, 159, 161, 162, 164, 176, 177, 178, 180, 184, 185, 186, 187, 189, 190, 191, 193, 195, 198, 208, 209, 211, 212, 213, 214, 215, 217, 218, 219, 220, 223, 224, 225, 226, 227, 228, 229, 230, 231, 232, 234, 235, 236, 237, 238, 243, 244, 246, 267, 268, 270, 271, 272, 273, 274, 276, 279, 280, 281, 283, 284, 285, 286, 288, 289, 293, 294, 295, 296, 298, 302, 303, 304, 305, 306, 317, 318, 319, 320, 321, 323, 324, 325, 326, 328, 329, 330, 331, 332, 334, 335, 336, 337, 338, 339, 340, 341, 342, 343, 344, 345, 346, 347, 348, 349, 350, 351, 352, 354, 453, 465, 480, 481, 482, 484, 485, 486, 487, 489, 490, 491, 493, 494, 512, 513, 515, 516, 517, 518, 519, 539, 540, 541, 542, 543, 545, 546, 555, 556, 558, 560, 567, 569, 576, 578, 580, 581, 583, 585, 587, 588, 590, 592, 594, 596, 597, 600, 602, 603, 605, 607, 609, 611, 612, 614, 615, 618, 622], "excluded_lines": [], "start_line": 1}}}, "src/ingestion/schemas.py": {"executed_lines": [1, 3, 4, 11, 12, 13, 14, 15, 16, 17, 18, 20, 21, 22, 28, 29, 30, 31, 32, 33, 36, 37, 38, 39, 40, 41, 42, 45, 46, 47, 48, 49, 50, 51, 52, 53, 54, 55, 58, 59, 60, 61, 62, 63, 72, 85, 96, 105, 116, 127, 137, 151, 164, 228], "summary": {"covered_lines": 54, "num_statements": 75, "percent_covered": 72.0, "percent_covered_display": "72", "missing_lines": 21, "excluded_lines": 0, "percent_statements_covered": 72.0, "percent_statements_covered_display": "72"}, "missing_lines": [23, 24, 25, 234, 235, 236, 238, 240, 241, 242, 243, 244, 245, 247, 248, 249, 250, 251, 252, 253, 255], "excluded_lines": [], "functions": {"SessionContract.validate_year": {"executed_lines": [], "summary": {"covered_lines": 0, "num_statements": 3, "percent_covered": 0.0, "percent_covered_display": "0", "missing_lines": 3, "excluded_lines": 0, "percent_statements_covered": 0.0, "percent_statements_covered_display": "0"}, "missing_lines": [23, 24, 25], "excluded_lines": [], "start_line": 22}, "validate_gold_constraints": {"executed_lines": [], "summary": {"covered_lines": 0, "num_statements": 18, "percent_covered": 0.0, "percent_covered_display": "0", "missing_lines": 18, "excluded_lines": 0, "percent_statements_covered": 0.0, "percent_statements_covered_display": "0"}, "missing_lines": [234, 235, 236, 238, 240, 241, 242, 243, 244, 245, 247, 248, 249, 250, 251, 252, 253, 255], "excluded_lines": [], "start_line": 228}, "": {"executed_lines": [1, 3, 4, 11, 12, 13, 14, 15, 16, 17, 18, 20, 21, 22, 28, 29, 30, 31, 32, 33, 36, 37, 38, 39, 40, 41, 42, 45, 46, 47, 48, 49, 50, 51, 52, 53, 54, 55, 58, 59, 60, 61, 62, 63, 72, 85, 96, 105, 116, 127, 137, 151, 164, 228], "summary": {"covered_lines": 54, "num_statements": 54, "percent_covered": 100.0, "percent_covered_display": "100", "missing_lines": 0, "excluded_lines": 0, "percent_statements_covered": 100.0, "percent_statements_covered_display": "100"}, "missing_lines": [], "excluded_lines": [], "start_line": 1}}, "classes": {"SessionContract": {"executed_lines": [], "summary": {"covered_lines": 0, "num_statements": 3, "percent_covered": 0.0, "percent_covered_display": "0", "missing_lines": 3, "excluded_lines": 0, "percent_statements_covered": 0.0, "percent_statements_covered_display": "0"}, "missing_lines": [23, 24, 25], "excluded_lines": [], "start_line": 11}, "DriverContract": {"executed_lines": [], "summary": {"covered_lines": 0, "num_statements": 0, "percent_covered": 100.0, "percent_covered_display": "100", "missing_lines": 0, "excluded_lines": 0, "percent_statements_covered": 100.0, "percent_statements_covered_display": "100"}, "missing_lines": [], "excluded_lines": [], "start_line": 28}, "RaceControlContract": {"executed_lines": [], "summary": {"covered_lines": 0, "num_statements": 0, "percent_covered": 100.0, "percent_covered_display": "100", "missing_lines": 0, "excluded_lines": 0, "percent_statements_covered": 100.0, "percent_statements_covered_display": "100"}, "missing_lines": [], "excluded_lines": [], "start_line": 36}, "SessionResultContract": {"executed_lines": [], "summary": {"covered_lines": 0, "num_statements": 0, "percent_covered": 100.0, "percent_covered_display": "100", "missing_lines": 0, "excluded_lines": 0, "percent_statements_covered": 100.0, "percent_statements_covered_display": "100"}, "missing_lines": [], "excluded_lines": [], "start_line": 45}, "OvertakeContract": {"executed_lines": [], "summary": {"covered_lines": 0, "num_statements": 0, "percent_covered": 100.0, "percent_covered_display": "100", "missing_lines": 0, "excluded_lines": 0, "percent_statements_covered": 100.0, "percent_statements_covered_display": "100"}, "missing_lines": [], "excluded_lines": [], "start_line": 58}, "": {"executed_lines": [1, 3, 4, 11, 12, 13, 14, 15, 16, 17, 18, 20, 21, 22, 28, 29, 30, 31, 32, 33, 36, 37, 38, 39, 40, 41, 42, 45, 46, 47, 48, 49, 50, 51, 52, 53, 54, 55, 58, 59, 60, 61, 62, 63, 72, 85, 96, 105, 116, 127, 137, 151, 164, 228], "summary": {"covered_lines": 54, "num_statements": 72, "percent_covered": 75.0, "percent_covered_display": "75", "missing_lines": 18, "excluded_lines": 0, "percent_statements_covered": 75.0, "percent_statements_covered_display": "75"}, "missing_lines": [234, 235, 236, 238, 240, 241, 242, 243, 244, 245, 247, 248, 249, 250, 251, 252, 253, 255], "excluded_lines": [], "start_line": 1}}}, "src/ingestion/storage.py": {"executed_lines": [1, 3, 4, 5, 6, 8, 11, 13, 14, 15, 16, 17, 20, 22, 23, 24, 25, 27, 28, 29, 31, 34, 36, 37, 38, 39, 40, 41, 45, 46], "summary": {"covered_lines": 30, "num_statements": 34, "percent_covered": 88.23529411764706, "percent_covered_display": "88", "missing_lines": 4, "excluded_lines": 0, "percent_statements_covered": 88.23529411764706, "percent_statements_covered_display": "88"}, "missing_lines": [26, 30, 42, 43], "excluded_lines": [], "functions": {"atomic_write_dataframe": {"executed_lines": [13, 14, 15, 16, 17], "summary": {"covered_lines": 5, "num_statements": 5, "percent_covered": 100.0, "percent_covered_display": "100", "missing_lines": 0, "excluded_lines": 0, "percent_statements_covered": 100.0, "percent_statements_covered_display": "100"}, "missing_lines": [], "excluded_lines": [], "start_line": 11}, "atomic_write_partitioned_parquet": {"executed_lines": [22, 23, 24, 25, 27, 28, 29, 31], "summary": {"covered_lines": 8, "num_statements": 10, "percent_covered": 80.0, "percent_covered_display": "80", "missing_lines": 2, "excluded_lines": 0, "percent_statements_covered": 80.0, "percent_statements_covered_display": "80"}, "missing_lines": [26, 30], "excluded_lines": [], "start_line": 20}, "atomic_append_partitioned_file": {"executed_lines": [36, 37, 38, 39, 40, 41, 45, 46], "summary": {"covered_lines": 8, "num_statements": 10, "percent_covered": 80.0, "percent_covered_display": "80", "missing_lines": 2, "excluded_lines": 0, "percent_statements_covered": 80.0, "percent_statements_covered_display": "80"}, "missing_lines": [42, 43], "excluded_lines": [], "start_line": 34}, "": {"executed_lines": [1, 3, 4, 5, 6, 8, 11, 20, 34], "summary": {"covered_lines": 9, "num_statements": 9, "percent_covered": 100.0, "percent_covered_display": "100", "missing_lines": 0, "excluded_lines": 0, "percent_statements_covered": 100.0, "percent_statements_covered_display": "100"}, "missing_lines": [], "excluded_lines": [], "start_line": 1}}, "classes": {"": {"executed_lines": [1, 3, 4, 5, 6, 8, 11, 13, 14, 15, 16, 17, 20, 22, 23, 24, 25, 27, 28, 29, 31, 34, 36, 37, 38, 39, 40, 41, 45, 46], "summary": {"covered_lines": 30, "num_statements": 34, "percent_covered": 88.23529411764706, "percent_covered_display": "88", "missing_lines": 4, "excluded_lines": 0, "percent_statements_covered": 88.23529411764706, "percent_statements_covered_display": "88"}, "missing_lines": [26, 30, 42, 43], "excluded_lines": [], "start_line": 1}}}, "src/ingestion/vector_store.py": {"executed_lines": [5, 6, 8, 9, 12, 18, 30, 31, 34, 36, 37, 38, 42, 45, 46, 47, 49, 50, 51, 53, 54, 56, 57, 58, 60, 62, 63, 64, 75, 78, 79, 80, 82, 83, 84, 86, 92, 93, 94, 95, 96, 108], "summary": {"covered_lines": 42, "num_statements": 50, "percent_covered": 84.0, "percent_covered_display": "84", "missing_lines": 8, "excluded_lines": 0, "percent_statements_covered": 84.0, "percent_statements_covered_display": "84"}, "missing_lines": [13, 15, 19, 21, 23, 24, 25, 27], "excluded_lines": [], "functions": {"get_chroma_client": {"executed_lines": [], "summary": {"covered_lines": 0, "num_statements": 2, "percent_covered": 0.0, "percent_covered_display": "0", "missing_lines": 2, "excluded_lines": 0, "percent_statements_covered": 0.0, "percent_statements_covered_display": "0"}, "missing_lines": [13, 15], "excluded_lines": [], "start_line": 12}, "get_embedding_fn": {"executed_lines": [], "summary": {"covered_lines": 0, "num_statements": 4, "percent_covered": 0.0, "percent_covered_display": "0", "missing_lines": 4, "excluded_lines": 0, "percent_statements_covered": 0.0, "percent_statements_covered_display": "0"}, "missing_lines": [19, 21, 23, 27], "excluded_lines": [], "start_line": 18}, "get_embedding_fn.embed_fn": {"executed_lines": [], "summary": {"covered_lines": 0, "num_statements": 2, "percent_covered": 0.0, "percent_covered_display": "0", "missing_lines": 2, "excluded_lines": 0, "percent_statements_covered": 0.0, "percent_statements_covered_display": "0"}, "missing_lines": [24, 25], "excluded_lines": [], "start_line": 23}, "get_race_control_collection": {"executed_lines": [36, 37, 38, 42], "summary": {"covered_lines": 4, "num_statements": 4, "percent_covered": 100.0, "percent_covered_display": "100", "missing_lines": 0, "excluded_lines": 0, "percent_statements_covered": 100.0, "percent_statements_covered_display": "100"}, "missing_lines": [], "excluded_lines": [], "start_line": 34}, "index_race_control_messages": {"executed_lines": [46, 47, 49, 50, 51, 53, 54, 56, 57, 58, 60, 62, 63, 64, 75], "summary": {"covered_lines": 15, "num_statements": 15, "percent_covered": 100.0, "percent_covered_display": "100", "missing_lines": 0, "excluded_lines": 0, "percent_statements_covered": 100.0, "percent_statements_covered_display": "100"}, "missing_lines": [], "excluded_lines": [], "start_line": 45}, "query_race_control": {"executed_lines": [79, 80, 82, 83, 84, 86, 92, 93, 94, 95, 96, 108], "summary": {"covered_lines": 12, "num_statements": 12, "percent_covered": 100.0, "percent_covered_display": "100", "missing_lines": 0, "excluded_lines": 0, "percent_statements_covered": 100.0, "percent_statements_covered_display": "100"}, "missing_lines": [], "excluded_lines": [], "start_line": 78}, "": {"executed_lines": [5, 6, 8, 9, 12, 18, 30, 31, 34, 45, 78], "summary": {"covered_lines": 11, "num_statements": 11, "percent_covered": 100.0, "percent_covered_display": "100", "missing_lines": 0, "excluded_lines": 0, "percent_statements_covered": 100.0, "percent_statements_covered_display": "100"}, "missing_lines": [], "excluded_lines": [], "start_line": 1}}, "classes": {"": {"executed_lines": [5, 6, 8, 9, 12, 18, 30, 31, 34, 36, 37, 38, 42, 45, 46, 47, 49, 50, 51, 53, 54, 56, 57, 58, 60, 62, 63, 64, 75, 78, 79, 80, 82, 83, 84, 86, 92, 93, 94, 95, 96, 108], "summary": {"covered_lines": 42, "num_statements": 50, "percent_covered": 84.0, "percent_covered_display": "84", "missing_lines": 8, "excluded_lines": 0, "percent_statements_covered": 84.0, "percent_statements_covered_display": "84"}, "missing_lines": [13, 15, 19, 21, 23, 24, 25, 27], "excluded_lines": [], "start_line": 1}}}}, "totals": {"covered_lines": 616, "num_statements": 1207, "percent_covered": 51.03562551781276, "percent_covered_display": "51", "missing_lines": 591, "excluded_lines": 0, "percent_statements_covered": 51.03562551781276, "percent_statements_covered_display": "51"}}
